Time slot   0
ld_routine
	Loaded a process at input/proc/p0s, PID: 1 PRIO: 0
Time slot   1
	CPU 1: Dispatched process  1
	Loaded a process at input/proc/p1s, PID: 2 PRIO: 15
Time slot   2
	CPU 0: Dispatched process  2
	Loaded a process at input/proc/p1s, PID: 3 PRIO: 0
Time slot   3
Time slot   4
Time slot   5
	Loaded a process at input/proc/p0s, PID: 4 PRIO: 0
Time slot   6
Time slot   7
	CPU 1: Put process  1 to run queue
	CPU 1: Dispatched process  3
Time slot   8
	CPU 0: Put process  2 to run queue
	CPU 0: Dispatched process  4
Time slot   9
Time slot  10
Time slot  11
libfree:205
Time slot  12
	CPU 1: Put process  3 to run queue
	CPU 1: Dispatched process  1
libread:353
Time slot  13
Time slot  14
	CPU 0: Put process  4 to run queue
	CPU 0: Dispatched process  3
libread:353
Time slot  15
Time slot  16
libread:353
Time slot  17
Time slot  18
	CPU 1: Put process  1 to run queue
	CPU 1: Dispatched process  4
libread:353
Time slot  19
Time slot  20
	CPU 0: Put process  3 to run queue
	CPU 0: Dispatched process  1
libfree:205
libread:353
Time slot  21
Time slot  22
	CPU 0: Processed  1 has finished
	CPU 0: Dispatched process  3
libread:353
Time slot  23
Time slot  24
Time slot  25
	CPU 1: Put process  4 to run queue
	CPU 1: Dispatched process  4
Time slot  26
Time slot  27
	CPU 1: Processed  4 has finished
	CPU 1: Dispatched process  2
Time slot  28
	CPU 0: Put process  3 to run queue
	CPU 0: Dispatched process  3
Time slot  29
	CPU 0: Processed  3 has finished
	CPU 0 stopped
Time slot  30
Time slot  31
Time slot  32
Time slot  33
	CPU 1: Put process  2 to run queue
	CPU 1: Dispatched process  2
Time slot  34
Time slot  35
Time slot  36
Time slot  37
Time slot  38
Time slot  39
	CPU 1: Put process  2 to run queue
	CPU 1: Dispatched process  2
Time slot  40
	CPU 1: Processed  2 has finished
	CPU 1 stopped
